<?xml version="1.0" encoding="UTF-8"?>
<!-- Generated by org.testng.reporters.JUnitReportReporter -->
<testsuite hostname="vm5ACCB63" failures="0" tests="1" name="SeleniumTest.sampleTest2" time="0.014" errors="0" timestamp="2020-08-16T20:56:38 GMT" skipped="0">
  <testcase classname="SeleniumTest.sampleTest2" name="testing" time="0.014"/>
  <system-out/>
</testsuite> <!-- SeleniumTest.sampleTest2 -->
